<?xml version="1.0" encoding="UTF-8"?>
<!-- Generated by org.testng.reporters.JUnitReportReporter -->
<testsuite skipped="0" hostname="DESKTOP-B0A316T" name="mobiotics.lco.testCases.Select_Broadcast_Plane_005" tests="1" failures="0" timestamp="27 May 2019 11:58:33 GMT" time="20.609" errors="0">
  <testcase name="add_BroadCast_Pay" time="20.609" classname="mobiotics.lco.testCases.Select_Broadcast_Plane_005"/>
</testsuite> <!-- mobiotics.lco.testCases.Select_Broadcast_Plane_005 -->
