<?xml version="1.0" encoding="UTF-8"?>
<!-- Generated by org.testng.reporters.JUnitReportReporter -->
<testsuite skipped="0" hostname="DESKTOP-B0A316T" name="mobiotics.lco.testCases.TC_ExpiryReportPageTest" tests="1" failures="0" timestamp="27 May 2019 10:27:32 GMT" time="10.527" errors="0">
  <testcase name="expiryReportTest" time="10.527" classname="mobiotics.lco.testCases.TC_ExpiryReportPageTest"/>
</testsuite> <!-- mobiotics.lco.testCases.TC_ExpiryReportPageTest -->
