<?xml version="1.0" encoding="UTF-8"?>
<!-- Generated by org.testng.reporters.JUnitReportReporter -->
<testsuite skipped="0" hostname="DESKTOP-B0A316T" name="mobiotics.lco.testCases.TC_Report_PaymentReport" tests="1" failures="0" timestamp="27 May 2019 11:22:23 GMT" time="52.869" errors="0">
  <testcase name="paymentReportTestMethod" time="52.869" classname="mobiotics.lco.testCases.TC_Report_PaymentReport"/>
</testsuite> <!-- mobiotics.lco.testCases.TC_Report_PaymentReport -->
