<?xml version="1.0" encoding="UTF-8"?>
<!-- Generated by org.testng.reporters.JUnitReportReporter -->
<testsuite skipped="0" hostname="DESKTOP-B0A316T" name="mobiotics.lco.testCases.Tc_Profile" tests="1" failures="0" timestamp="27 May 2019 16:29:16 GMT" time="8.199" errors="0">
  <testcase name="profileTestMethod" time="8.199" classname="mobiotics.lco.testCases.Tc_Profile"/>
</testsuite> <!-- mobiotics.lco.testCases.Tc_Profile -->
