<?xml version="1.0" encoding="UTF-8"?>
<!-- Generated by org.testng.reporters.JUnitReportReporter -->
<testsuite skipped="0" hostname="DESKTOP-B0A316T" name="mobiotics.lco.testCases.TC_ModifyCustomer" tests="1" failures="0" timestamp="27 May 2019 16:26:00 GMT" time="22.132" errors="0">
  <testcase name="modifyCustomerTestMethod" time="22.132" classname="mobiotics.lco.testCases.TC_ModifyCustomer"/>
</testsuite> <!-- mobiotics.lco.testCases.TC_ModifyCustomer -->
