<?xml version="1.0" encoding="UTF-8"?>
<!-- Generated by org.testng.reporters.JUnitReportReporter -->
<testsuite skipped="0" hostname="DESKTOP-B0A316T" name="mobiotics.lco.testCases.TC_Report_ActivationReport" tests="1" failures="0" timestamp="27 May 2019 10:19:30 GMT" time="26.616" errors="0">
  <testcase name="activationReport" time="26.616" classname="mobiotics.lco.testCases.TC_Report_ActivationReport"/>
</testsuite> <!-- mobiotics.lco.testCases.TC_Report_ActivationReport -->
