<?xml version="1.0" encoding="UTF-8"?>
<!-- Generated by org.testng.reporters.JUnitReportReporter -->
<testsuite skipped="0" hostname="DESKTOP-B0A316T" name="mobiotics.lco.testCases.TC_Report_EKYCReport" tests="1" failures="0" timestamp="27 May 2019 11:48:12 GMT" time="30.783" errors="0">
  <testcase name="ekycReportTestMethod" time="30.783" classname="mobiotics.lco.testCases.TC_Report_EKYCReport"/>
</testsuite> <!-- mobiotics.lco.testCases.TC_Report_EKYCReport -->
