<?xml version="1.0" encoding="UTF-8"?>
<!-- Generated by org.testng.reporters.JUnitReportReporter -->
<testsuite skipped="0" hostname="DESKTOP-B0A316T" name="mobiotics.lco.testCases.TC_SubscriberCustomerSelection" tests="1" failures="0" timestamp="23 May 2019 12:03:01 GMT" time="53.673" errors="0">
  <testcase name="customerSelectionTestMethod" time="53.673" classname="mobiotics.lco.testCases.TC_SubscriberCustomerSelection"/>
</testsuite> <!-- mobiotics.lco.testCases.TC_SubscriberCustomerSelection -->
