<?xml version="1.0" encoding="UTF-8"?>
<!-- Generated by org.testng.reporters.JUnitReportReporter -->
<testsuite skipped="0" hostname="DESKTOP-B0A316T" name="mobiotics.lco.testCases.TC_Report_ExpiredReport" tests="1" failures="0" timestamp="27 May 2019 10:25:14 GMT" time="10.110" errors="0">
  <testcase name="expiredReportTest" time="10.110" classname="mobiotics.lco.testCases.TC_Report_ExpiredReport"/>
</testsuite> <!-- mobiotics.lco.testCases.TC_Report_ExpiredReport -->
