<?xml version="1.0" encoding="UTF-8"?>
<!-- Generated by org.testng.reporters.JUnitReportReporter -->
<testsuite skipped="0" hostname="DESKTOP-B0A316T" name="mobiotics.lco.testCases.TC_Report_RefundReportTest" tests="1" failures="0" timestamp="27 May 2019 11:10:30 GMT" time="13.993" errors="0">
  <testcase name="refundReportTest" time="13.993" classname="mobiotics.lco.testCases.TC_Report_RefundReportTest"/>
</testsuite> <!-- mobiotics.lco.testCases.TC_Report_RefundReportTest -->
