<?xml version="1.0" encoding="UTF-8"?>
<!-- Generated by org.testng.reporters.JUnitReportReporter -->
<testsuite skipped="0" hostname="DESKTOP-B0A316T" name="mobiotics.lco.testCases.TC_Report_Bills" tests="1" failures="0" timestamp="27 May 2019 11:04:15 GMT" time="44.242" errors="0">
  <testcase name="billsTestMethod" time="44.242" classname="mobiotics.lco.testCases.TC_Report_Bills"/>
</testsuite> <!-- mobiotics.lco.testCases.TC_Report_Bills -->
