<?xml version="1.0" encoding="UTF-8"?>
<!-- Generated by org.testng.reporters.JUnitReportReporter -->
<testsuite skipped="0" hostname="DESKTOP-B0A316T" name="mobiotics.lco.testCases.TC_ChangeBasePack_010" tests="1" failures="0" timestamp="27 May 2019 16:04:09 GMT" time="12.392" errors="0">
  <testcase name="changeBasePack" time="12.392" classname="mobiotics.lco.testCases.TC_ChangeBasePack_010"/>
</testsuite> <!-- mobiotics.lco.testCases.TC_ChangeBasePack_010 -->
