<?xml version="1.0" encoding="UTF-8"?>
<!-- Generated by org.testng.reporters.JUnitReportReporter -->
<testsuite skipped="0" hostname="DESKTOP-B0A316T" name="mobiotics.lco.testCases.TC_DisconnectPlane_008" tests="1" failures="0" timestamp="27 May 2019 13:46:24 GMT" time="19.189" errors="0">
  <testcase name="DisconnectPlan" time="19.189" classname="mobiotics.lco.testCases.TC_DisconnectPlane_008"/>
</testsuite> <!-- mobiotics.lco.testCases.TC_DisconnectPlane_008 -->
