<?xml version="1.0" encoding="UTF-8"?>
<!-- Generated by org.testng.reporters.JUnitReportReporter -->
<testsuite skipped="0" hostname="DESKTOP-B0A316T" name="mobiotics.lco.testCases.TC_STBReplacement" tests="1" failures="0" timestamp="27 May 2019 16:22:42 GMT" time="18.777" errors="0">
  <testcase name="stbReplacementTestMethod" time="18.777" classname="mobiotics.lco.testCases.TC_STBReplacement"/>
</testsuite> <!-- mobiotics.lco.testCases.TC_STBReplacement -->
