<?xml version="1.0" encoding="UTF-8"?>
<!-- Generated by org.testng.reporters.JUnitReportReporter -->
<testsuite skipped="0" hostname="DESKTOP-B0A316T" name="mobiotics.lco.testCases.Activate_Indigital_pay_Bouquet_004" tests="1" failures="0" timestamp="27 May 2019 11:52:09 GMT" time="18.033" errors="0">
  <testcase name="Activate_Indigital_Plane" time="18.033" classname="mobiotics.lco.testCases.Activate_Indigital_pay_Bouquet_004"/>
</testsuite> <!-- mobiotics.lco.testCases.Activate_Indigital_pay_Bouquet_004 -->
