<?xml version="1.0" encoding="UTF-8"?>
<!-- Generated by org.testng.reporters.JUnitReportReporter -->
<testsuite skipped="0" hostname="DESKTOP-B0A316T" name="mobiotics.lco.testCases.TC_RenewPage_007" tests="1" failures="0" timestamp="27 May 2019 12:30:10 GMT" time="25.700" errors="0">
  <testcase name="renewPlan" time="25.700" classname="mobiotics.lco.testCases.TC_RenewPage_007"/>
</testsuite> <!-- mobiotics.lco.testCases.TC_RenewPage_007 -->
