<?xml version="1.0" encoding="UTF-8"?>
<!-- Generated by org.testng.reporters.JUnitReportReporter -->
<testsuite skipped="0" hostname="DESKTOP-B0A316T" name="mobiotics.lco.testCases.TC_RetrackServices" tests="1" failures="0" timestamp="27 May 2019 16:23:55 GMT" time="12.539" errors="0">
  <testcase name="retrackServicesTestMethod" time="12.539" classname="mobiotics.lco.testCases.TC_RetrackServices"/>
</testsuite> <!-- mobiotics.lco.testCases.TC_RetrackServices -->
